Lattice Timing Report -  Setup  and Hold, Version Radiant Software (64-bit) 2024.2.0.3.0

Thu Sep  4 10:53:01 2025

Copyright (c) 1991-1994 by NeoCAD Inc. All rights reserved.
Copyright (c) 1995 AT&T Corp.   All rights reserved.
Copyright (c) 1995-2001 Lucent Technologies Inc.  All rights reserved.
Copyright (c) 2001 Agere Systems   All rights reserved.
Copyright (c) 2002-2024 Lattice Semiconductor Corporation,  All rights reserved.

Command line:    timing -sethld -v 10 -u 10 -endpoints 10 -nperend 1 -sp High-Performance_1.2V -hsp m -pwrprd -html -rpt lab1_ai_prototype_impl_1.twr lab1_ai_prototype_impl_1.udb -gui -msgset C:/Users/lumiller/Documents/e155-lab1/ai_prototype/lab1_ai_prototype/promote.xml

-----------------------------------------
Design:          led_blinker_2hz
Family:          iCE40UP
Device:          iCE40UP5K
Package:         SG48
Performance:     High-Performance_1.2V
Package Status:                     Preliminary    Version 1.5
**Performance Hardware Data Status :   Advanced Version 1.0
-----------------------------------------


=====================================================================
                    Table of Contents
=====================================================================
    1  Timing Overview
        1.1  SDC Constraints
        1.2  Constraint Coverage
        1.3  Overall Summary
        1.4  Unconstrained Report
        1.5  Combinational Loop
    2  Setup at Speed Grade High-Performance_1.2V Corner at 100 Degrees
        2.1  Clock Summary
        2.2  Endpoint slacks
        2.3  Detailed Report
    3  Hold at Speed Grade m Corner at -40 Degrees
        3.1  Endpoint slacks
        3.2  Detailed Report

=====================================================================
                    End of Table of Contents
=====================================================================

==============================================
1  Timing Overview
==============================================

1.1  SDC Constraints
=====================
create_clock -name {clk_hsosc} -period 20.8333 [get_pins {hsosc_inst.osc_inst/CLKHF }] 

1.2  Constraint Coverage
---------------------------
Constraint Coverage: 98.6395%


1.3  Overall Summary
---------------------------
 Setup at Speed Grade High-Performance_1.2V Corner at 100 Degrees     Timing Errors: 0 endpoints;  Total Negative Slack: 0.000 ns 
 Hold at Speed Grade m Corner at -40 Degrees                          Timing Errors: 0 endpoints;  Total Negative Slack: 0.000 ns 

1.4  Unconstrained Report
===========================

1.4.1  Unconstrained Start/End Points
--------------------------------------

Clocked but unconstrained timing start points
--------------------------------------------------
There is no start point satisfying reporting criteria


Clocked but unconstrained timing end points
--------------------------------------------------
There is no end point satisfying reporting criteria


1.4.2  Start/End Points Without Timing Constraints
---------------------------------------------------

I/O ports without constraint
----------------------------
Possible constraints to use on I/O ports are:
set_input_delay,
set_output_delay,
set_max_delay,
create_clock,
create_generated_clock,
...

-------------------------------------------------------------------
     Listing 1 Start or End Points      |           Type           
-------------------------------------------------------------------
led                                     |                    output
-------------------------------------------------------------------
                                        |                          
Number of I/O ports without constraint  |                         1
                                        |                          
-------------------------------------------------------------------

Nets without clock definition
Define a clock on a top level port or a generated clock on a clock divider pin associated with this net(s).
--------------------------------------------------
There is no instance satisfying reporting criteria



1.5  Combinational Loop
========================
None

===============================================================
2  Setup at Speed Grade High-Performance_1.2V Corner at 100 Degrees
===============================================================

2.1  Clock Summary
=======================

2.1.1 Clock "clk_hsosc"
=======================
create_clock -name {clk_hsosc} -period 20.8333 [get_pins {hsosc_inst.osc_inst/CLKHF }] 

Single Clock Domain
-------------------------------------------------------------------------------------------------------
            Clock clk_hsosc             |                    |       Period       |     Frequency      
-------------------------------------------------------------------------------------------------------
 From clk_hsosc                         |             Target |          20.833 ns |         48.000 MHz 
                                        | Actual (all paths) |          20.792 ns |         48.095 MHz 
hsosc_inst.osc_inst/CLKHF (MPW)         |   (50% duty cycle) |          20.792 ns |         48.095 MHz 
-------------------------------------------------------------------------------------------------------

Clock Domain Crossing

2.2  Endpoint slacks
=======================
-------------------------------------------------------
          Listing 10 End Points          |    Slack    
-------------------------------------------------------
counter_18__i24/D                        |    7.709 ns 
{counter_18__i15/SR   counter_18__i16/SR}|    7.760 ns 
{counter_18__i17/SR   counter_18__i18/SR}|    7.760 ns 
{counter_18__i19/SR   counter_18__i20/SR}|    7.760 ns 
{counter_18__i21/SR   counter_18__i22/SR}|    7.760 ns 
counter_18__i23/D                        |    7.986 ns 
{counter_18__i23/SR   counter_18__i24/SR}|    8.223 ns 
{counter_18__i9/SR   counter_18__i10/SR} |    8.302 ns 
{counter_18__i11/SR   counter_18__i12/SR}|    8.302 ns 
{counter_18__i13/SR   counter_18__i14/SR}|    8.302 ns 
-------------------------------------------------------
                                         |             
Setup # of endpoints with negative slack:|           0 
                                         |             
-------------------------------------------------------

2.3  Detailed Report
=======================


XXXXXXXXXXXXXXXXXXXXXXXXXXXXXXXXXXXXXXXXXXXXXXXXXXXXXXXXXX

Detail report of critical paths

XXXXXXXXXXXXXXXXXXXXXXXXXXXXXXXXXXXXXXXXXXXXXXXXXXXXXXXXXX

 +++++++++++++++++++++++++++++++++++++++++++++++++++++++++++++++++++++
                    Detailed Report for timing paths 
 +++++++++++++++++++++++++++++++++++++++++++++++++++++++++++++++++++++

 ++++Path 1  ++++++++++++++++++++++++++++++++++++++++++++++++++++++++++

Path Begin       : counter_18__i0/Q  (SLICE_R21C3A)
Path End         : counter_18__i24/D  (SLICE_R21C6A)
Source Clock     : clk_hsosc (R)
Destination Clock: clk_hsosc (R)
Logic Level      : 26
Delay Ratio      : 33.6% (route), 66.4% (logic)
Clock Skew       : 0.000 ns 
Setup Constraint : 20.833 ns 
Path Slack       : 7.709 ns  (Passed)


Source Clock Path
Name                                      Cell/Site Name     Delay Name           Incr      Arrival/Required Time  Fanout  
----------------------------------------  -----------------  -------------------  --------  ---------------------  ------  
hsosc_inst.osc_inst/CLKHF                 HFOSC_HFOSC_R1C32  CLOCK LATENCY           0.000                  0.000  15      
clk_hsosc                                                    NET DELAY               5.499                  5.499  15      
counter_18__i0/CK                                            CLOCK PIN               0.000                  5.499  1       


Data Path
Name                                      Cell/Site Name     Delay Name           Incr      Arrival/Required Time  Fanout  
----------------------------------------  -----------------  -------------------  --------  ---------------------  ------  
counter_18__i0/CK->counter_18__i0/Q       SLICE_R21C3A       CLK_TO_Q1_DELAY         1.388                  6.887  2       
counter[0]                                                   NET DELAY               2.022                  8.909  2       
counter_18_add_4_1/C1->counter_18_add_4_1/CO1
                                          SLICE_R21C3A       C1_TO_COUT1_DELAY       0.343                  9.252  2       
n210                                                         NET DELAY               0.000                  9.252  2       
counter_18_add_4_3/CI0->counter_18_add_4_3/CO0
                                          SLICE_R21C3B       CIN0_TO_COUT0_DELAY     0.277                  9.529  2       
n614                                                         NET DELAY               0.000                  9.529  2       
counter_18_add_4_3/CI1->counter_18_add_4_3/CO1
                                          SLICE_R21C3B       CIN1_TO_COUT1_DELAY     0.277                  9.806  2       
n212                                                         NET DELAY               0.000                  9.806  2       
counter_18_add_4_5/CI0->counter_18_add_4_5/CO0
                                          SLICE_R21C3C       CIN0_TO_COUT0_DELAY     0.277                 10.083  2       
n617                                                         NET DELAY               0.000                 10.083  2       
counter_18_add_4_5/CI1->counter_18_add_4_5/CO1
                                          SLICE_R21C3C       CIN1_TO_COUT1_DELAY     0.277                 10.360  2       
n214                                                         NET DELAY               0.000                 10.360  2       
counter_18_add_4_7/CI0->counter_18_add_4_7/CO0
                                          SLICE_R21C3D       CIN0_TO_COUT0_DELAY     0.277                 10.637  2       
n620                                                         NET DELAY               0.000                 10.637  2       
counter_18_add_4_7/CI1->counter_18_add_4_7/CO1
                                          SLICE_R21C3D       CIN1_TO_COUT1_DELAY     0.277                 10.914  2       
n216                                                         NET DELAY               0.555                 11.469  2       
counter_18_add_4_9/CI0->counter_18_add_4_9/CO0
                                          SLICE_R21C4A       CIN0_TO_COUT0_DELAY     0.277                 11.746  2       
n623                                                         NET DELAY               0.000                 11.746  2       
counter_18_add_4_9/CI1->counter_18_add_4_9/CO1
                                          SLICE_R21C4A       CIN1_TO_COUT1_DELAY     0.277                 12.023  2       
n218                                                         NET DELAY               0.000                 12.023  2       
counter_18_add_4_11/CI0->counter_18_add_4_11/CO0
                                          SLICE_R21C4B       CIN0_TO_COUT0_DELAY     0.277                 12.300  2       
n626                                                         NET DELAY               0.000                 12.300  2       
counter_18_add_4_11/CI1->counter_18_add_4_11/CO1
                                          SLICE_R21C4B       CIN1_TO_COUT1_DELAY     0.277                 12.577  2       
n220                                                         NET DELAY               0.000                 12.577  2       
counter_18_add_4_13/CI0->counter_18_add_4_13/CO0
                                          SLICE_R21C4C       CIN0_TO_COUT0_DELAY     0.277                 12.854  2       
n629                                                         NET DELAY               0.000                 12.854  2       
counter_18_add_4_13/CI1->counter_18_add_4_13/CO1
                                          SLICE_R21C4C       CIN1_TO_COUT1_DELAY     0.277                 13.131  2       
n222                                                         NET DELAY               0.000                 13.131  2       
counter_18_add_4_15/CI0->counter_18_add_4_15/CO0
                                          SLICE_R21C4D       CIN0_TO_COUT0_DELAY     0.277                 13.408  2       
n632                                                         NET DELAY               0.000                 13.408  2       
counter_18_add_4_15/CI1->counter_18_add_4_15/CO1
                                          SLICE_R21C4D       CIN1_TO_COUT1_DELAY     0.277                 13.685  2       
n224                                                         NET DELAY               0.555                 14.240  2       
counter_18_add_4_17/CI0->counter_18_add_4_17/CO0
                                          SLICE_R21C5A       CIN0_TO_COUT0_DELAY     0.277                 14.517  2       
n635                                                         NET DELAY               0.000                 14.517  2       
counter_18_add_4_17/CI1->counter_18_add_4_17/CO1
                                          SLICE_R21C5A       CIN1_TO_COUT1_DELAY     0.277                 14.794  2       
n226                                                         NET DELAY               0.000                 14.794  2       
counter_18_add_4_19/CI0->counter_18_add_4_19/CO0
                                          SLICE_R21C5B       CIN0_TO_COUT0_DELAY     0.277                 15.071  2       
n638                                                         NET DELAY               0.000                 15.071  2       
counter_18_add_4_19/CI1->counter_18_add_4_19/CO1
                                          SLICE_R21C5B       CIN1_TO_COUT1_DELAY     0.277                 15.348  2       
n228                                                         NET DELAY               0.000                 15.348  2       
counter_18_add_4_21/CI0->counter_18_add_4_21/CO0
                                          SLICE_R21C5C       CIN0_TO_COUT0_DELAY     0.277                 15.625  2       
n641                                                         NET DELAY               0.000                 15.625  2       
counter_18_add_4_21/CI1->counter_18_add_4_21/CO1
                                          SLICE_R21C5C       CIN1_TO_COUT1_DELAY     0.277                 15.902  2       
n230                                                         NET DELAY               0.000                 15.902  2       
counter_18_add_4_23/CI0->counter_18_add_4_23/CO0
                                          SLICE_R21C5D       CIN0_TO_COUT0_DELAY     0.277                 16.179  2       
n644                                                         NET DELAY               0.000                 16.179  2       
counter_18_add_4_23/CI1->counter_18_add_4_23/CO1
                                          SLICE_R21C5D       CIN1_TO_COUT1_DELAY     0.277                 16.456  2       
n232                                                         NET DELAY               0.555                 17.011  2       
counter_18_add_4_25/CI0->counter_18_add_4_25/CO0
                                          SLICE_R21C6A       CIN0_TO_COUT0_DELAY     0.277                 17.288  2       
n647                                                         NET DELAY               0.661                 17.949  2       
counter_18_add_4_25/D1->counter_18_add_4_25/S1
                                          SLICE_R21C6A       D1_TO_F1_DELAY          0.476                 18.425  1       
n105[24]                                                     NET DELAY               0.000                 18.425  1       
counter_18__i24/D                                            ENDPOINT                0.000                 18.425  1       


Destination Clock Path
Name                                      Cell/Site Name     Delay Name           Incr      Arrival/Required Time  Fanout  
----------------------------------------  -----------------  -------------------  --------  ---------------------  ------  
                                                             CONSTRAINT              0.000                 20.833  1       
hsosc_inst.osc_inst/CLKHF                 HFOSC_HFOSC_R1C32  CLOCK LATENCY           0.000                 20.833  15      
clk_hsosc                                                    NET DELAY               5.499                 26.332  15      
{counter_18__i23/CK   counter_18__i24/CK}
                                                             CLOCK PIN               0.000                 26.332  1       
                                                             Uncertainty          -(0.000)                 26.332  
                                                             Setup time           -(0.198)                 26.134  
----------------------------------------  -----------------  -------------------  --------  ---------------------  ------  
Required Time                                                                                              26.134  
Arrival Time                                                                                            -(18.424)  
----------------------------------------  -----------------  -------------------  --------  ---------------------  ------  
Path Slack  (Passed)                                                                                        7.709  




++++ Path 2 ++++++++++++++++++++++++++++++++++++++++++++++++++++++++++ 

Path Begin       : counter_18__i6/Q  (SLICE_R21C3D)
Path End         : {counter_18__i15/SR   counter_18__i16/SR}  (SLICE_R21C5A)
Source Clock     : clk_hsosc (R)
Destination Clock: clk_hsosc (R)
Logic Level      : 5
Delay Ratio      : 74.2% (route), 25.8% (logic)
Clock Skew       : 0.000 ns 
Setup Constraint : 20.833 ns 
Path Slack       : 7.760 ns  (Passed)


Source Clock Path
Name                                      Cell/Site Name     Delay Name       Incr      Arrival/Required Time  Fanout  
----------------------------------------  -----------------  ---------------  --------  ---------------------  ------  
hsosc_inst.osc_inst/CLKHF                 HFOSC_HFOSC_R1C32  CLOCK LATENCY       0.000                  0.000  15      
clk_hsosc                                                    NET DELAY           5.499                  5.499  15      
{counter_18__i5/CK   counter_18__i6/CK}                      CLOCK PIN           0.000                  5.499  1       


Data Path
Name                                      Cell/Site Name     Delay Name       Incr      Arrival/Required Time  Fanout  
----------------------------------------  -----------------  ---------------  --------  ---------------------  ------  
counter_18__i6/CK->counter_18__i6/Q       SLICE_R21C3D       CLK_TO_Q1_DELAY     1.388                  6.887  2       
counter[6]                                                   NET DELAY           2.353                  9.240  2       
i204_4_lut/D->i204_4_lut/Z                SLICE_R22C5A       D0_TO_F0_DELAY      0.449                  9.689  1       
n400                                                         NET DELAY           2.551                 12.240  1       
i210_4_lut/A->i210_4_lut/Z                SLICE_R22C4A       A1_TO_F1_DELAY      0.476                 12.716  1       
n406                                                         NET DELAY           0.304                 13.020  1       
i4_4_lut/C->i4_4_lut/Z                    SLICE_R22C4B       C0_TO_F0_DELAY      0.476                 13.496  1       
n12                                                          NET DELAY           0.304                 13.800  1       
i269_4_lut/C->i269_4_lut/Z                SLICE_R22C4B       C1_TO_F1_DELAY      0.449                 14.249  14      
n174                                                         NET DELAY           3.794                 18.043  14      
{counter_18__i15/SR   counter_18__i16/SR}
                                                             ENDPOINT            0.000                 18.043  1       


Destination Clock Path
Name                                      Cell/Site Name     Delay Name       Incr      Arrival/Required Time  Fanout  
----------------------------------------  -----------------  ---------------  --------  ---------------------  ------  
                                                             CONSTRAINT          0.000                 20.833  1       
hsosc_inst.osc_inst/CLKHF                 HFOSC_HFOSC_R1C32  CLOCK LATENCY       0.000                 20.833  15      
clk_hsosc                                                    NET DELAY           5.499                 26.332  15      
{counter_18__i15/CK   counter_18__i16/CK}
                                                             CLOCK PIN           0.000                 26.332  1       
                                                             Uncertainty      -(0.000)                 26.332  
                                                             Setup time       -(0.529)                 25.803  
----------------------------------------  -----------------  ---------------  --------  ---------------------  ------  
Required Time                                                                                          25.803  
Arrival Time                                                                                        -(18.042)  
----------------------------------------  -----------------  ---------------  --------  ---------------------  ------  
Path Slack  (Passed)                                                                                    7.760  




++++ Path 3 ++++++++++++++++++++++++++++++++++++++++++++++++++++++++++ 

Path Begin       : counter_18__i6/Q  (SLICE_R21C3D)
Path End         : {counter_18__i17/SR   counter_18__i18/SR}  (SLICE_R21C5B)
Source Clock     : clk_hsosc (R)
Destination Clock: clk_hsosc (R)
Logic Level      : 5
Delay Ratio      : 74.2% (route), 25.8% (logic)
Clock Skew       : 0.000 ns 
Setup Constraint : 20.833 ns 
Path Slack       : 7.760 ns  (Passed)


Source Clock Path
Name                                      Cell/Site Name     Delay Name       Incr      Arrival/Required Time  Fanout  
----------------------------------------  -----------------  ---------------  --------  ---------------------  ------  
hsosc_inst.osc_inst/CLKHF                 HFOSC_HFOSC_R1C32  CLOCK LATENCY       0.000                  0.000  15      
clk_hsosc                                                    NET DELAY           5.499                  5.499  15      
{counter_18__i5/CK   counter_18__i6/CK}                      CLOCK PIN           0.000                  5.499  1       


Data Path
Name                                      Cell/Site Name     Delay Name       Incr      Arrival/Required Time  Fanout  
----------------------------------------  -----------------  ---------------  --------  ---------------------  ------  
counter_18__i6/CK->counter_18__i6/Q       SLICE_R21C3D       CLK_TO_Q1_DELAY     1.388                  6.887  2       
counter[6]                                                   NET DELAY           2.353                  9.240  2       
i204_4_lut/D->i204_4_lut/Z                SLICE_R22C5A       D0_TO_F0_DELAY      0.449                  9.689  1       
n400                                                         NET DELAY           2.551                 12.240  1       
i210_4_lut/A->i210_4_lut/Z                SLICE_R22C4A       A1_TO_F1_DELAY      0.476                 12.716  1       
n406                                                         NET DELAY           0.304                 13.020  1       
i4_4_lut/C->i4_4_lut/Z                    SLICE_R22C4B       C0_TO_F0_DELAY      0.476                 13.496  1       
n12                                                          NET DELAY           0.304                 13.800  1       
i269_4_lut/C->i269_4_lut/Z                SLICE_R22C4B       C1_TO_F1_DELAY      0.449                 14.249  14      
n174                                                         NET DELAY           3.794                 18.043  14      
{counter_18__i17/SR   counter_18__i18/SR}
                                                             ENDPOINT            0.000                 18.043  1       


Destination Clock Path
Name                                      Cell/Site Name     Delay Name       Incr      Arrival/Required Time  Fanout  
----------------------------------------  -----------------  ---------------  --------  ---------------------  ------  
                                                             CONSTRAINT          0.000                 20.833  1       
hsosc_inst.osc_inst/CLKHF                 HFOSC_HFOSC_R1C32  CLOCK LATENCY       0.000                 20.833  15      
clk_hsosc                                                    NET DELAY           5.499                 26.332  15      
{counter_18__i17/CK   counter_18__i18/CK}
                                                             CLOCK PIN           0.000                 26.332  1       
                                                             Uncertainty      -(0.000)                 26.332  
                                                             Setup time       -(0.529)                 25.803  
----------------------------------------  -----------------  ---------------  --------  ---------------------  ------  
Required Time                                                                                          25.803  
Arrival Time                                                                                        -(18.042)  
----------------------------------------  -----------------  ---------------  --------  ---------------------  ------  
Path Slack  (Passed)                                                                                    7.760  




++++ Path 4 ++++++++++++++++++++++++++++++++++++++++++++++++++++++++++ 

Path Begin       : counter_18__i6/Q  (SLICE_R21C3D)
Path End         : {counter_18__i19/SR   counter_18__i20/SR}  (SLICE_R21C5C)
Source Clock     : clk_hsosc (R)
Destination Clock: clk_hsosc (R)
Logic Level      : 5
Delay Ratio      : 74.2% (route), 25.8% (logic)
Clock Skew       : 0.000 ns 
Setup Constraint : 20.833 ns 
Path Slack       : 7.760 ns  (Passed)


Source Clock Path
Name                                      Cell/Site Name     Delay Name       Incr      Arrival/Required Time  Fanout  
----------------------------------------  -----------------  ---------------  --------  ---------------------  ------  
hsosc_inst.osc_inst/CLKHF                 HFOSC_HFOSC_R1C32  CLOCK LATENCY       0.000                  0.000  15      
clk_hsosc                                                    NET DELAY           5.499                  5.499  15      
{counter_18__i5/CK   counter_18__i6/CK}                      CLOCK PIN           0.000                  5.499  1       


Data Path
Name                                      Cell/Site Name     Delay Name       Incr      Arrival/Required Time  Fanout  
----------------------------------------  -----------------  ---------------  --------  ---------------------  ------  
counter_18__i6/CK->counter_18__i6/Q       SLICE_R21C3D       CLK_TO_Q1_DELAY     1.388                  6.887  2       
counter[6]                                                   NET DELAY           2.353                  9.240  2       
i204_4_lut/D->i204_4_lut/Z                SLICE_R22C5A       D0_TO_F0_DELAY      0.449                  9.689  1       
n400                                                         NET DELAY           2.551                 12.240  1       
i210_4_lut/A->i210_4_lut/Z                SLICE_R22C4A       A1_TO_F1_DELAY      0.476                 12.716  1       
n406                                                         NET DELAY           0.304                 13.020  1       
i4_4_lut/C->i4_4_lut/Z                    SLICE_R22C4B       C0_TO_F0_DELAY      0.476                 13.496  1       
n12                                                          NET DELAY           0.304                 13.800  1       
i269_4_lut/C->i269_4_lut/Z                SLICE_R22C4B       C1_TO_F1_DELAY      0.449                 14.249  14      
n174                                                         NET DELAY           3.794                 18.043  14      
{counter_18__i19/SR   counter_18__i20/SR}
                                                             ENDPOINT            0.000                 18.043  1       


Destination Clock Path
Name                                      Cell/Site Name     Delay Name       Incr      Arrival/Required Time  Fanout  
----------------------------------------  -----------------  ---------------  --------  ---------------------  ------  
                                                             CONSTRAINT          0.000                 20.833  1       
hsosc_inst.osc_inst/CLKHF                 HFOSC_HFOSC_R1C32  CLOCK LATENCY       0.000                 20.833  15      
clk_hsosc                                                    NET DELAY           5.499                 26.332  15      
{counter_18__i19/CK   counter_18__i20/CK}
                                                             CLOCK PIN           0.000                 26.332  1       
                                                             Uncertainty      -(0.000)                 26.332  
                                                             Setup time       -(0.529)                 25.803  
----------------------------------------  -----------------  ---------------  --------  ---------------------  ------  
Required Time                                                                                          25.803  
Arrival Time                                                                                        -(18.042)  
----------------------------------------  -----------------  ---------------  --------  ---------------------  ------  
Path Slack  (Passed)                                                                                    7.760  




++++ Path 5 ++++++++++++++++++++++++++++++++++++++++++++++++++++++++++ 

Path Begin       : counter_18__i6/Q  (SLICE_R21C3D)
Path End         : {counter_18__i21/SR   counter_18__i22/SR}  (SLICE_R21C5D)
Source Clock     : clk_hsosc (R)
Destination Clock: clk_hsosc (R)
Logic Level      : 5
Delay Ratio      : 74.2% (route), 25.8% (logic)
Clock Skew       : 0.000 ns 
Setup Constraint : 20.833 ns 
Path Slack       : 7.760 ns  (Passed)


Source Clock Path
Name                                      Cell/Site Name     Delay Name       Incr      Arrival/Required Time  Fanout  
----------------------------------------  -----------------  ---------------  --------  ---------------------  ------  
hsosc_inst.osc_inst/CLKHF                 HFOSC_HFOSC_R1C32  CLOCK LATENCY       0.000                  0.000  15      
clk_hsosc                                                    NET DELAY           5.499                  5.499  15      
{counter_18__i5/CK   counter_18__i6/CK}                      CLOCK PIN           0.000                  5.499  1       


Data Path
Name                                      Cell/Site Name     Delay Name       Incr      Arrival/Required Time  Fanout  
----------------------------------------  -----------------  ---------------  --------  ---------------------  ------  
counter_18__i6/CK->counter_18__i6/Q       SLICE_R21C3D       CLK_TO_Q1_DELAY     1.388                  6.887  2       
counter[6]                                                   NET DELAY           2.353                  9.240  2       
i204_4_lut/D->i204_4_lut/Z                SLICE_R22C5A       D0_TO_F0_DELAY      0.449                  9.689  1       
n400                                                         NET DELAY           2.551                 12.240  1       
i210_4_lut/A->i210_4_lut/Z                SLICE_R22C4A       A1_TO_F1_DELAY      0.476                 12.716  1       
n406                                                         NET DELAY           0.304                 13.020  1       
i4_4_lut/C->i4_4_lut/Z                    SLICE_R22C4B       C0_TO_F0_DELAY      0.476                 13.496  1       
n12                                                          NET DELAY           0.304                 13.800  1       
i269_4_lut/C->i269_4_lut/Z                SLICE_R22C4B       C1_TO_F1_DELAY      0.449                 14.249  14      
n174                                                         NET DELAY           3.794                 18.043  14      
{counter_18__i21/SR   counter_18__i22/SR}
                                                             ENDPOINT            0.000                 18.043  1       


Destination Clock Path
Name                                      Cell/Site Name     Delay Name       Incr      Arrival/Required Time  Fanout  
----------------------------------------  -----------------  ---------------  --------  ---------------------  ------  
                                                             CONSTRAINT          0.000                 20.833  1       
hsosc_inst.osc_inst/CLKHF                 HFOSC_HFOSC_R1C32  CLOCK LATENCY       0.000                 20.833  15      
clk_hsosc                                                    NET DELAY           5.499                 26.332  15      
{counter_18__i21/CK   counter_18__i22/CK}
                                                             CLOCK PIN           0.000                 26.332  1       
                                                             Uncertainty      -(0.000)                 26.332  
                                                             Setup time       -(0.529)                 25.803  
----------------------------------------  -----------------  ---------------  --------  ---------------------  ------  
Required Time                                                                                          25.803  
Arrival Time                                                                                        -(18.042)  
----------------------------------------  -----------------  ---------------  --------  ---------------------  ------  
Path Slack  (Passed)                                                                                    7.760  




++++ Path 6 ++++++++++++++++++++++++++++++++++++++++++++++++++++++++++ 

Path Begin       : counter_18__i0/Q  (SLICE_R21C3A)
Path End         : counter_18__i23/D  (SLICE_R21C6A)
Source Clock     : clk_hsosc (R)
Destination Clock: clk_hsosc (R)
Logic Level      : 25
Delay Ratio      : 34.4% (route), 65.6% (logic)
Clock Skew       : 0.000 ns 
Setup Constraint : 20.833 ns 
Path Slack       : 7.986 ns  (Passed)


Source Clock Path
Name                                      Cell/Site Name     Delay Name           Incr      Arrival/Required Time  Fanout  
----------------------------------------  -----------------  -------------------  --------  ---------------------  ------  
hsosc_inst.osc_inst/CLKHF                 HFOSC_HFOSC_R1C32  CLOCK LATENCY           0.000                  0.000  15      
clk_hsosc                                                    NET DELAY               5.499                  5.499  15      
counter_18__i0/CK                                            CLOCK PIN               0.000                  5.499  1       


Data Path
Name                                      Cell/Site Name     Delay Name           Incr      Arrival/Required Time  Fanout  
----------------------------------------  -----------------  -------------------  --------  ---------------------  ------  
counter_18__i0/CK->counter_18__i0/Q       SLICE_R21C3A       CLK_TO_Q1_DELAY         1.388                  6.887  2       
counter[0]                                                   NET DELAY               2.022                  8.909  2       
counter_18_add_4_1/C1->counter_18_add_4_1/CO1
                                          SLICE_R21C3A       C1_TO_COUT1_DELAY       0.343                  9.252  2       
n210                                                         NET DELAY               0.000                  9.252  2       
counter_18_add_4_3/CI0->counter_18_add_4_3/CO0
                                          SLICE_R21C3B       CIN0_TO_COUT0_DELAY     0.277                  9.529  2       
n614                                                         NET DELAY               0.000                  9.529  2       
counter_18_add_4_3/CI1->counter_18_add_4_3/CO1
                                          SLICE_R21C3B       CIN1_TO_COUT1_DELAY     0.277                  9.806  2       
n212                                                         NET DELAY               0.000                  9.806  2       
counter_18_add_4_5/CI0->counter_18_add_4_5/CO0
                                          SLICE_R21C3C       CIN0_TO_COUT0_DELAY     0.277                 10.083  2       
n617                                                         NET DELAY               0.000                 10.083  2       
counter_18_add_4_5/CI1->counter_18_add_4_5/CO1
                                          SLICE_R21C3C       CIN1_TO_COUT1_DELAY     0.277                 10.360  2       
n214                                                         NET DELAY               0.000                 10.360  2       
counter_18_add_4_7/CI0->counter_18_add_4_7/CO0
                                          SLICE_R21C3D       CIN0_TO_COUT0_DELAY     0.277                 10.637  2       
n620                                                         NET DELAY               0.000                 10.637  2       
counter_18_add_4_7/CI1->counter_18_add_4_7/CO1
                                          SLICE_R21C3D       CIN1_TO_COUT1_DELAY     0.277                 10.914  2       
n216                                                         NET DELAY               0.555                 11.469  2       
counter_18_add_4_9/CI0->counter_18_add_4_9/CO0
                                          SLICE_R21C4A       CIN0_TO_COUT0_DELAY     0.277                 11.746  2       
n623                                                         NET DELAY               0.000                 11.746  2       
counter_18_add_4_9/CI1->counter_18_add_4_9/CO1
                                          SLICE_R21C4A       CIN1_TO_COUT1_DELAY     0.277                 12.023  2       
n218                                                         NET DELAY               0.000                 12.023  2       
counter_18_add_4_11/CI0->counter_18_add_4_11/CO0
                                          SLICE_R21C4B       CIN0_TO_COUT0_DELAY     0.277                 12.300  2       
n626                                                         NET DELAY               0.000                 12.300  2       
counter_18_add_4_11/CI1->counter_18_add_4_11/CO1
                                          SLICE_R21C4B       CIN1_TO_COUT1_DELAY     0.277                 12.577  2       
n220                                                         NET DELAY               0.000                 12.577  2       
counter_18_add_4_13/CI0->counter_18_add_4_13/CO0
                                          SLICE_R21C4C       CIN0_TO_COUT0_DELAY     0.277                 12.854  2       
n629                                                         NET DELAY               0.000                 12.854  2       
counter_18_add_4_13/CI1->counter_18_add_4_13/CO1
                                          SLICE_R21C4C       CIN1_TO_COUT1_DELAY     0.277                 13.131  2       
n222                                                         NET DELAY               0.000                 13.131  2       
counter_18_add_4_15/CI0->counter_18_add_4_15/CO0
                                          SLICE_R21C4D       CIN0_TO_COUT0_DELAY     0.277                 13.408  2       
n632                                                         NET DELAY               0.000                 13.408  2       
counter_18_add_4_15/CI1->counter_18_add_4_15/CO1
                                          SLICE_R21C4D       CIN1_TO_COUT1_DELAY     0.277                 13.685  2       
n224                                                         NET DELAY               0.555                 14.240  2       
counter_18_add_4_17/CI0->counter_18_add_4_17/CO0
                                          SLICE_R21C5A       CIN0_TO_COUT0_DELAY     0.277                 14.517  2       
n635                                                         NET DELAY               0.000                 14.517  2       
counter_18_add_4_17/CI1->counter_18_add_4_17/CO1
                                          SLICE_R21C5A       CIN1_TO_COUT1_DELAY     0.277                 14.794  2       
n226                                                         NET DELAY               0.000                 14.794  2       
counter_18_add_4_19/CI0->counter_18_add_4_19/CO0
                                          SLICE_R21C5B       CIN0_TO_COUT0_DELAY     0.277                 15.071  2       
n638                                                         NET DELAY               0.000                 15.071  2       
counter_18_add_4_19/CI1->counter_18_add_4_19/CO1
                                          SLICE_R21C5B       CIN1_TO_COUT1_DELAY     0.277                 15.348  2       
n228                                                         NET DELAY               0.000                 15.348  2       
counter_18_add_4_21/CI0->counter_18_add_4_21/CO0
                                          SLICE_R21C5C       CIN0_TO_COUT0_DELAY     0.277                 15.625  2       
n641                                                         NET DELAY               0.000                 15.625  2       
counter_18_add_4_21/CI1->counter_18_add_4_21/CO1
                                          SLICE_R21C5C       CIN1_TO_COUT1_DELAY     0.277                 15.902  2       
n230                                                         NET DELAY               0.000                 15.902  2       
counter_18_add_4_23/CI0->counter_18_add_4_23/CO0
                                          SLICE_R21C5D       CIN0_TO_COUT0_DELAY     0.277                 16.179  2       
n644                                                         NET DELAY               0.000                 16.179  2       
counter_18_add_4_23/CI1->counter_18_add_4_23/CO1
                                          SLICE_R21C5D       CIN1_TO_COUT1_DELAY     0.277                 16.456  2       
n232                                                         NET DELAY               1.216                 17.672  2       
counter_18_add_4_25/D0->counter_18_add_4_25/S0
                                          SLICE_R21C6A       D0_TO_F0_DELAY          0.476                 18.148  1       
n105[23]                                                     NET DELAY               0.000                 18.148  1       
counter_18__i23/D                                            ENDPOINT                0.000                 18.148  1       


Destination Clock Path
Name                                      Cell/Site Name     Delay Name           Incr      Arrival/Required Time  Fanout  
----------------------------------------  -----------------  -------------------  --------  ---------------------  ------  
                                                             CONSTRAINT              0.000                 20.833  1       
hsosc_inst.osc_inst/CLKHF                 HFOSC_HFOSC_R1C32  CLOCK LATENCY           0.000                 20.833  15      
clk_hsosc                                                    NET DELAY               5.499                 26.332  15      
{counter_18__i23/CK   counter_18__i24/CK}
                                                             CLOCK PIN               0.000                 26.332  1       
                                                             Uncertainty          -(0.000)                 26.332  
                                                             Setup time           -(0.198)                 26.134  
----------------------------------------  -----------------  -------------------  --------  ---------------------  ------  
Required Time                                                                                              26.134  
Arrival Time                                                                                            -(18.147)  
----------------------------------------  -----------------  -------------------  --------  ---------------------  ------  
Path Slack  (Passed)                                                                                        7.986  




++++ Path 7 ++++++++++++++++++++++++++++++++++++++++++++++++++++++++++ 

Path Begin       : counter_18__i6/Q  (SLICE_R21C3D)
Path End         : {counter_18__i23/SR   counter_18__i24/SR}  (SLICE_R21C6A)
Source Clock     : clk_hsosc (R)
Destination Clock: clk_hsosc (R)
Logic Level      : 5
Delay Ratio      : 73.2% (route), 26.8% (logic)
Clock Skew       : 0.000 ns 
Setup Constraint : 20.833 ns 
Path Slack       : 8.223 ns  (Passed)


Source Clock Path
Name                                      Cell/Site Name     Delay Name       Incr      Arrival/Required Time  Fanout  
----------------------------------------  -----------------  ---------------  --------  ---------------------  ------  
hsosc_inst.osc_inst/CLKHF                 HFOSC_HFOSC_R1C32  CLOCK LATENCY       0.000                  0.000  15      
clk_hsosc                                                    NET DELAY           5.499                  5.499  15      
{counter_18__i5/CK   counter_18__i6/CK}                      CLOCK PIN           0.000                  5.499  1       


Data Path
Name                                      Cell/Site Name     Delay Name       Incr      Arrival/Required Time  Fanout  
----------------------------------------  -----------------  ---------------  --------  ---------------------  ------  
counter_18__i6/CK->counter_18__i6/Q       SLICE_R21C3D       CLK_TO_Q1_DELAY     1.388                  6.887  2       
counter[6]                                                   NET DELAY           2.353                  9.240  2       
i204_4_lut/D->i204_4_lut/Z                SLICE_R22C5A       D0_TO_F0_DELAY      0.449                  9.689  1       
n400                                                         NET DELAY           2.551                 12.240  1       
i210_4_lut/A->i210_4_lut/Z                SLICE_R22C4A       A1_TO_F1_DELAY      0.476                 12.716  1       
n406                                                         NET DELAY           0.304                 13.020  1       
i4_4_lut/C->i4_4_lut/Z                    SLICE_R22C4B       C0_TO_F0_DELAY      0.476                 13.496  1       
n12                                                          NET DELAY           0.304                 13.800  1       
i269_4_lut/C->i269_4_lut/Z                SLICE_R22C4B       C1_TO_F1_DELAY      0.449                 14.249  14      
n174                                                         NET DELAY           3.331                 17.580  14      
{counter_18__i23/SR   counter_18__i24/SR}
                                                             ENDPOINT            0.000                 17.580  1       


Destination Clock Path
Name                                      Cell/Site Name     Delay Name       Incr      Arrival/Required Time  Fanout  
----------------------------------------  -----------------  ---------------  --------  ---------------------  ------  
                                                             CONSTRAINT          0.000                 20.833  1       
hsosc_inst.osc_inst/CLKHF                 HFOSC_HFOSC_R1C32  CLOCK LATENCY       0.000                 20.833  15      
clk_hsosc                                                    NET DELAY           5.499                 26.332  15      
{counter_18__i23/CK   counter_18__i24/CK}
                                                             CLOCK PIN           0.000                 26.332  1       
                                                             Uncertainty      -(0.000)                 26.332  
                                                             Setup time       -(0.529)                 25.803  
----------------------------------------  -----------------  ---------------  --------  ---------------------  ------  
Required Time                                                                                          25.803  
Arrival Time                                                                                        -(17.579)  
----------------------------------------  -----------------  ---------------  --------  ---------------------  ------  
Path Slack  (Passed)                                                                                    8.223  




++++ Path 8 ++++++++++++++++++++++++++++++++++++++++++++++++++++++++++ 

Path Begin       : counter_18__i6/Q  (SLICE_R21C3D)
Path End         : {counter_18__i9/SR   counter_18__i10/SR}  (SLICE_R21C4B)
Source Clock     : clk_hsosc (R)
Destination Clock: clk_hsosc (R)
Logic Level      : 5
Delay Ratio      : 73.0% (route), 27.0% (logic)
Clock Skew       : 0.000 ns 
Setup Constraint : 20.833 ns 
Path Slack       : 8.302 ns  (Passed)


Source Clock Path
Name                                      Cell/Site Name     Delay Name       Incr      Arrival/Required Time  Fanout  
----------------------------------------  -----------------  ---------------  --------  ---------------------  ------  
hsosc_inst.osc_inst/CLKHF                 HFOSC_HFOSC_R1C32  CLOCK LATENCY       0.000                  0.000  15      
clk_hsosc                                                    NET DELAY           5.499                  5.499  15      
{counter_18__i5/CK   counter_18__i6/CK}                      CLOCK PIN           0.000                  5.499  1       


Data Path
Name                                      Cell/Site Name     Delay Name       Incr      Arrival/Required Time  Fanout  
----------------------------------------  -----------------  ---------------  --------  ---------------------  ------  
counter_18__i6/CK->counter_18__i6/Q       SLICE_R21C3D       CLK_TO_Q1_DELAY     1.388                  6.887  2       
counter[6]                                                   NET DELAY           2.353                  9.240  2       
i204_4_lut/D->i204_4_lut/Z                SLICE_R22C5A       D0_TO_F0_DELAY      0.449                  9.689  1       
n400                                                         NET DELAY           2.551                 12.240  1       
i210_4_lut/A->i210_4_lut/Z                SLICE_R22C4A       A1_TO_F1_DELAY      0.476                 12.716  1       
n406                                                         NET DELAY           0.304                 13.020  1       
i4_4_lut/C->i4_4_lut/Z                    SLICE_R22C4B       C0_TO_F0_DELAY      0.476                 13.496  1       
n12                                                          NET DELAY           0.304                 13.800  1       
i269_4_lut/C->i269_4_lut/Z                SLICE_R22C4B       C1_TO_F1_DELAY      0.449                 14.249  14      
n174                                                         NET DELAY           3.252                 17.501  14      
{counter_18__i9/SR   counter_18__i10/SR}                     ENDPOINT            0.000                 17.501  1       


Destination Clock Path
Name                                      Cell/Site Name     Delay Name       Incr      Arrival/Required Time  Fanout  
----------------------------------------  -----------------  ---------------  --------  ---------------------  ------  
                                                             CONSTRAINT          0.000                 20.833  1       
hsosc_inst.osc_inst/CLKHF                 HFOSC_HFOSC_R1C32  CLOCK LATENCY       0.000                 20.833  15      
clk_hsosc                                                    NET DELAY           5.499                 26.332  15      
{counter_18__i9/CK   counter_18__i10/CK}                     CLOCK PIN           0.000                 26.332  1       
                                                             Uncertainty      -(0.000)                 26.332  
                                                             Setup time       -(0.529)                 25.803  
----------------------------------------  -----------------  ---------------  --------  ---------------------  ------  
Required Time                                                                                          25.803  
Arrival Time                                                                                        -(17.500)  
----------------------------------------  -----------------  ---------------  --------  ---------------------  ------  
Path Slack  (Passed)                                                                                    8.302  




++++ Path 9 ++++++++++++++++++++++++++++++++++++++++++++++++++++++++++ 

Path Begin       : counter_18__i6/Q  (SLICE_R21C3D)
Path End         : {counter_18__i11/SR   counter_18__i12/SR}  (SLICE_R21C4C)
Source Clock     : clk_hsosc (R)
Destination Clock: clk_hsosc (R)
Logic Level      : 5
Delay Ratio      : 73.0% (route), 27.0% (logic)
Clock Skew       : 0.000 ns 
Setup Constraint : 20.833 ns 
Path Slack       : 8.302 ns  (Passed)


Source Clock Path
Name                                      Cell/Site Name     Delay Name       Incr      Arrival/Required Time  Fanout  
----------------------------------------  -----------------  ---------------  --------  ---------------------  ------  
hsosc_inst.osc_inst/CLKHF                 HFOSC_HFOSC_R1C32  CLOCK LATENCY       0.000                  0.000  15      
clk_hsosc                                                    NET DELAY           5.499                  5.499  15      
{counter_18__i5/CK   counter_18__i6/CK}                      CLOCK PIN           0.000                  5.499  1       


Data Path
Name                                      Cell/Site Name     Delay Name       Incr      Arrival/Required Time  Fanout  
----------------------------------------  -----------------  ---------------  --------  ---------------------  ------  
counter_18__i6/CK->counter_18__i6/Q       SLICE_R21C3D       CLK_TO_Q1_DELAY     1.388                  6.887  2       
counter[6]                                                   NET DELAY           2.353                  9.240  2       
i204_4_lut/D->i204_4_lut/Z                SLICE_R22C5A       D0_TO_F0_DELAY      0.449                  9.689  1       
n400                                                         NET DELAY           2.551                 12.240  1       
i210_4_lut/A->i210_4_lut/Z                SLICE_R22C4A       A1_TO_F1_DELAY      0.476                 12.716  1       
n406                                                         NET DELAY           0.304                 13.020  1       
i4_4_lut/C->i4_4_lut/Z                    SLICE_R22C4B       C0_TO_F0_DELAY      0.476                 13.496  1       
n12                                                          NET DELAY           0.304                 13.800  1       
i269_4_lut/C->i269_4_lut/Z                SLICE_R22C4B       C1_TO_F1_DELAY      0.449                 14.249  14      
n174                                                         NET DELAY           3.252                 17.501  14      
{counter_18__i11/SR   counter_18__i12/SR}
                                                             ENDPOINT            0.000                 17.501  1       


Destination Clock Path
Name                                      Cell/Site Name     Delay Name       Incr      Arrival/Required Time  Fanout  
----------------------------------------  -----------------  ---------------  --------  ---------------------  ------  
                                                             CONSTRAINT          0.000                 20.833  1       
hsosc_inst.osc_inst/CLKHF                 HFOSC_HFOSC_R1C32  CLOCK LATENCY       0.000                 20.833  15      
clk_hsosc                                                    NET DELAY           5.499                 26.332  15      
{counter_18__i11/CK   counter_18__i12/CK}
                                                             CLOCK PIN           0.000                 26.332  1       
                                                             Uncertainty      -(0.000)                 26.332  
                                                             Setup time       -(0.529)                 25.803  
----------------------------------------  -----------------  ---------------  --------  ---------------------  ------  
Required Time                                                                                          25.803  
Arrival Time                                                                                        -(17.500)  
----------------------------------------  -----------------  ---------------  --------  ---------------------  ------  
Path Slack  (Passed)                                                                                    8.302  




++++ Path 10 ++++++++++++++++++++++++++++++++++++++++++++++++++++++++++ 

Path Begin       : counter_18__i6/Q  (SLICE_R21C3D)
Path End         : {counter_18__i13/SR   counter_18__i14/SR}  (SLICE_R21C4D)
Source Clock     : clk_hsosc (R)
Destination Clock: clk_hsosc (R)
Logic Level      : 5
Delay Ratio      : 73.0% (route), 27.0% (logic)
Clock Skew       : 0.000 ns 
Setup Constraint : 20.833 ns 
Path Slack       : 8.302 ns  (Passed)


Source Clock Path
Name                                      Cell/Site Name     Delay Name       Incr      Arrival/Required Time  Fanout  
----------------------------------------  -----------------  ---------------  --------  ---------------------  ------  
hsosc_inst.osc_inst/CLKHF                 HFOSC_HFOSC_R1C32  CLOCK LATENCY       0.000                  0.000  15      
clk_hsosc                                                    NET DELAY           5.499                  5.499  15      
{counter_18__i5/CK   counter_18__i6/CK}                      CLOCK PIN           0.000                  5.499  1       


Data Path
Name                                      Cell/Site Name     Delay Name       Incr      Arrival/Required Time  Fanout  
----------------------------------------  -----------------  ---------------  --------  ---------------------  ------  
counter_18__i6/CK->counter_18__i6/Q       SLICE_R21C3D       CLK_TO_Q1_DELAY     1.388                  6.887  2       
counter[6]                                                   NET DELAY           2.353                  9.240  2       
i204_4_lut/D->i204_4_lut/Z                SLICE_R22C5A       D0_TO_F0_DELAY      0.449                  9.689  1       
n400                                                         NET DELAY           2.551                 12.240  1       
i210_4_lut/A->i210_4_lut/Z                SLICE_R22C4A       A1_TO_F1_DELAY      0.476                 12.716  1       
n406                                                         NET DELAY           0.304                 13.020  1       
i4_4_lut/C->i4_4_lut/Z                    SLICE_R22C4B       C0_TO_F0_DELAY      0.476                 13.496  1       
n12                                                          NET DELAY           0.304                 13.800  1       
i269_4_lut/C->i269_4_lut/Z                SLICE_R22C4B       C1_TO_F1_DELAY      0.449                 14.249  14      
n174                                                         NET DELAY           3.252                 17.501  14      
{counter_18__i13/SR   counter_18__i14/SR}
                                                             ENDPOINT            0.000                 17.501  1       


Destination Clock Path
Name                                      Cell/Site Name     Delay Name       Incr      Arrival/Required Time  Fanout  
----------------------------------------  -----------------  ---------------  --------  ---------------------  ------  
                                                             CONSTRAINT          0.000                 20.833  1       
hsosc_inst.osc_inst/CLKHF                 HFOSC_HFOSC_R1C32  CLOCK LATENCY       0.000                 20.833  15      
clk_hsosc                                                    NET DELAY           5.499                 26.332  15      
{counter_18__i13/CK   counter_18__i14/CK}
                                                             CLOCK PIN           0.000                 26.332  1       
                                                             Uncertainty      -(0.000)                 26.332  
                                                             Setup time       -(0.529)                 25.803  
----------------------------------------  -----------------  ---------------  --------  ---------------------  ------  
Required Time                                                                                          25.803  
Arrival Time                                                                                        -(17.500)  
----------------------------------------  -----------------  ---------------  --------  ---------------------  ------  
Path Slack  (Passed)                                                                                    8.302  



+++++++++++++++++++++++++++++++++++++++++++++++++++++++++++++++++++++ 
                    End of Detailed Report for timing paths 
+++++++++++++++++++++++++++++++++++++++++++++++++++++++++++++++++++++ 


##########################################################



===============================================================
3  Hold at Speed Grade m Corner at -40 Degrees
===============================================================

3.1  Endpoint slacks
=======================
-------------------------------------------------------
          Listing 10 End Points          |    Slack    
-------------------------------------------------------
counter_18__i15/D                        |    1.913 ns 
counter_18__i16/D                        |    1.913 ns 
counter_18__i17/D                        |    1.913 ns 
counter_18__i18/D                        |    1.913 ns 
counter_18__i19/D                        |    1.913 ns 
counter_18__i20/D                        |    1.913 ns 
counter_18__i21/D                        |    1.913 ns 
counter_18__i22/D                        |    1.913 ns 
counter_18__i23/D                        |    1.913 ns 
counter_18__i24/D                        |    1.913 ns 
-------------------------------------------------------
                                         |             
Hold # of endpoints with negative slack: |           0 
                                         |             
-------------------------------------------------------

3.2  Detailed Report
=======================


XXXXXXXXXXXXXXXXXXXXXXXXXXXXXXXXXXXXXXXXXXXXXXXXXXXXXXXXXX

Detail report of critical paths

XXXXXXXXXXXXXXXXXXXXXXXXXXXXXXXXXXXXXXXXXXXXXXXXXXXXXXXXXX

 +++++++++++++++++++++++++++++++++++++++++++++++++++++++++++++++++++++
                    Detailed Report for timing paths 
 +++++++++++++++++++++++++++++++++++++++++++++++++++++++++++++++++++++

 ++++Path 1  ++++++++++++++++++++++++++++++++++++++++++++++++++++++++++

Path Begin       : counter_18__i15/Q  (SLICE_R21C5A)
Path End         : counter_18__i15/D  (SLICE_R21C5A)
Source Clock     : clk_hsosc (R)
Destination Clock: clk_hsosc (R)
Logic Level      : 2
Delay Ratio      : 46.1% (route), 53.9% (logic)
Clock Skew       : 0.000 ns 
Hold Constraint  : 0.000 ns 
Path Slack       : 1.913 ns  (Passed)


Source Clock Path
Name                                      Cell/Site Name     Delay Name       Incr   Arrival/Required Time  Fanout  
----------------------------------------  -----------------  ---------------  -----  ---------------------  ------  
hsosc_inst.osc_inst/CLKHF                 HFOSC_HFOSC_R1C32  CLOCK LATENCY    0.000                  0.000  16      
clk_hsosc                                                    NET DELAY        3.084                  3.084  16      
{counter_18__i15/CK   counter_18__i16/CK}
                                                             CLOCK PIN        0.000                  3.084  1       


Data Path
Name                                      Cell/Site Name     Delay Name       Incr   Arrival/Required Time  Fanout  
----------------------------------------  -----------------  ---------------  -----  ---------------------  ------  
counter_18__i15/CK->counter_18__i15/Q     SLICE_R21C5A       CLK_TO_Q0_DELAY  0.779                  3.863  2       
counter[15]                                                  NET DELAY        0.882                  4.745  2       
counter_18_add_4_17/C0->counter_18_add_4_17/S0
                                          SLICE_R21C5A       C0_TO_F0_DELAY   0.252                  4.997  1       
n105[15]                                                     NET DELAY        0.000                  4.997  1       
counter_18__i15/D                                            ENDPOINT         0.000                  4.997  1       


Destination Clock Path
Name                                      Cell/Site Name     Delay Name       Incr   Arrival/Required Time  Fanout  
----------------------------------------  -----------------  ---------------  -----  ---------------------  ------  
                                                             CONSTRAINT       0.000                  0.000  1       
hsosc_inst.osc_inst/CLKHF                 HFOSC_HFOSC_R1C32  CLOCK LATENCY    0.000                  0.000  16      
clk_hsosc                                                    NET DELAY        3.084                  3.084  16      
{counter_18__i15/CK   counter_18__i16/CK}
                                                             CLOCK PIN        0.000                  3.084  1       
                                                             Uncertainty      0.000                  3.084  
                                                             Hold time        0.000                  3.084  
----------------------------------------  -----------------  ---------------  -----  ---------------------  ------  
Required Time                                                                                       -3.084  
Arrival Time                                                                                         4.997  
----------------------------------------  -----------------  ---------------  -----  ---------------------  ------  
Path Slack  (Passed)                                                                                 1.913  




++++ Path 2 ++++++++++++++++++++++++++++++++++++++++++++++++++++++++++ 

Path Begin       : counter_18__i16/Q  (SLICE_R21C5A)
Path End         : counter_18__i16/D  (SLICE_R21C5A)
Source Clock     : clk_hsosc (R)
Destination Clock: clk_hsosc (R)
Logic Level      : 2
Delay Ratio      : 46.1% (route), 53.9% (logic)
Clock Skew       : 0.000 ns 
Hold Constraint  : 0.000 ns 
Path Slack       : 1.913 ns  (Passed)


Source Clock Path
Name                                      Cell/Site Name     Delay Name       Incr   Arrival/Required Time  Fanout  
----------------------------------------  -----------------  ---------------  -----  ---------------------  ------  
hsosc_inst.osc_inst/CLKHF                 HFOSC_HFOSC_R1C32  CLOCK LATENCY    0.000                  0.000  16      
clk_hsosc                                                    NET DELAY        3.084                  3.084  16      
{counter_18__i15/CK   counter_18__i16/CK}
                                                             CLOCK PIN        0.000                  3.084  1       


Data Path
Name                                      Cell/Site Name     Delay Name       Incr   Arrival/Required Time  Fanout  
----------------------------------------  -----------------  ---------------  -----  ---------------------  ------  
counter_18__i16/CK->counter_18__i16/Q     SLICE_R21C5A       CLK_TO_Q1_DELAY  0.779                  3.863  2       
counter[16]                                                  NET DELAY        0.882                  4.745  2       
counter_18_add_4_17/C1->counter_18_add_4_17/S1
                                          SLICE_R21C5A       C1_TO_F1_DELAY   0.252                  4.997  1       
n105[16]                                                     NET DELAY        0.000                  4.997  1       
counter_18__i16/D                                            ENDPOINT         0.000                  4.997  1       


Destination Clock Path
Name                                      Cell/Site Name     Delay Name       Incr   Arrival/Required Time  Fanout  
----------------------------------------  -----------------  ---------------  -----  ---------------------  ------  
                                                             CONSTRAINT       0.000                  0.000  1       
hsosc_inst.osc_inst/CLKHF                 HFOSC_HFOSC_R1C32  CLOCK LATENCY    0.000                  0.000  16      
clk_hsosc                                                    NET DELAY        3.084                  3.084  16      
{counter_18__i15/CK   counter_18__i16/CK}
                                                             CLOCK PIN        0.000                  3.084  1       
                                                             Uncertainty      0.000                  3.084  
                                                             Hold time        0.000                  3.084  
----------------------------------------  -----------------  ---------------  -----  ---------------------  ------  
Required Time                                                                                       -3.084  
Arrival Time                                                                                         4.997  
----------------------------------------  -----------------  ---------------  -----  ---------------------  ------  
Path Slack  (Passed)                                                                                 1.913  




++++ Path 3 ++++++++++++++++++++++++++++++++++++++++++++++++++++++++++ 

Path Begin       : counter_18__i17/Q  (SLICE_R21C5B)
Path End         : counter_18__i17/D  (SLICE_R21C5B)
Source Clock     : clk_hsosc (R)
Destination Clock: clk_hsosc (R)
Logic Level      : 2
Delay Ratio      : 46.1% (route), 53.9% (logic)
Clock Skew       : 0.000 ns 
Hold Constraint  : 0.000 ns 
Path Slack       : 1.913 ns  (Passed)


Source Clock Path
Name                                      Cell/Site Name     Delay Name       Incr   Arrival/Required Time  Fanout  
----------------------------------------  -----------------  ---------------  -----  ---------------------  ------  
hsosc_inst.osc_inst/CLKHF                 HFOSC_HFOSC_R1C32  CLOCK LATENCY    0.000                  0.000  16      
clk_hsosc                                                    NET DELAY        3.084                  3.084  16      
{counter_18__i17/CK   counter_18__i18/CK}
                                                             CLOCK PIN        0.000                  3.084  1       


Data Path
Name                                      Cell/Site Name     Delay Name       Incr   Arrival/Required Time  Fanout  
----------------------------------------  -----------------  ---------------  -----  ---------------------  ------  
counter_18__i17/CK->counter_18__i17/Q     SLICE_R21C5B       CLK_TO_Q0_DELAY  0.779                  3.863  2       
counter[17]                                                  NET DELAY        0.882                  4.745  2       
counter_18_add_4_19/C0->counter_18_add_4_19/S0
                                          SLICE_R21C5B       C0_TO_F0_DELAY   0.252                  4.997  1       
n105[17]                                                     NET DELAY        0.000                  4.997  1       
counter_18__i17/D                                            ENDPOINT         0.000                  4.997  1       


Destination Clock Path
Name                                      Cell/Site Name     Delay Name       Incr   Arrival/Required Time  Fanout  
----------------------------------------  -----------------  ---------------  -----  ---------------------  ------  
                                                             CONSTRAINT       0.000                  0.000  1       
hsosc_inst.osc_inst/CLKHF                 HFOSC_HFOSC_R1C32  CLOCK LATENCY    0.000                  0.000  16      
clk_hsosc                                                    NET DELAY        3.084                  3.084  16      
{counter_18__i17/CK   counter_18__i18/CK}
                                                             CLOCK PIN        0.000                  3.084  1       
                                                             Uncertainty      0.000                  3.084  
                                                             Hold time        0.000                  3.084  
----------------------------------------  -----------------  ---------------  -----  ---------------------  ------  
Required Time                                                                                       -3.084  
Arrival Time                                                                                         4.997  
----------------------------------------  -----------------  ---------------  -----  ---------------------  ------  
Path Slack  (Passed)                                                                                 1.913  




++++ Path 4 ++++++++++++++++++++++++++++++++++++++++++++++++++++++++++ 

Path Begin       : counter_18__i18/Q  (SLICE_R21C5B)
Path End         : counter_18__i18/D  (SLICE_R21C5B)
Source Clock     : clk_hsosc (R)
Destination Clock: clk_hsosc (R)
Logic Level      : 2
Delay Ratio      : 46.1% (route), 53.9% (logic)
Clock Skew       : 0.000 ns 
Hold Constraint  : 0.000 ns 
Path Slack       : 1.913 ns  (Passed)


Source Clock Path
Name                                      Cell/Site Name     Delay Name       Incr   Arrival/Required Time  Fanout  
----------------------------------------  -----------------  ---------------  -----  ---------------------  ------  
hsosc_inst.osc_inst/CLKHF                 HFOSC_HFOSC_R1C32  CLOCK LATENCY    0.000                  0.000  16      
clk_hsosc                                                    NET DELAY        3.084                  3.084  16      
{counter_18__i17/CK   counter_18__i18/CK}
                                                             CLOCK PIN        0.000                  3.084  1       


Data Path
Name                                      Cell/Site Name     Delay Name       Incr   Arrival/Required Time  Fanout  
----------------------------------------  -----------------  ---------------  -----  ---------------------  ------  
counter_18__i18/CK->counter_18__i18/Q     SLICE_R21C5B       CLK_TO_Q1_DELAY  0.779                  3.863  2       
counter[18]                                                  NET DELAY        0.882                  4.745  2       
counter_18_add_4_19/C1->counter_18_add_4_19/S1
                                          SLICE_R21C5B       C1_TO_F1_DELAY   0.252                  4.997  1       
n105[18]                                                     NET DELAY        0.000                  4.997  1       
counter_18__i18/D                                            ENDPOINT         0.000                  4.997  1       


Destination Clock Path
Name                                      Cell/Site Name     Delay Name       Incr   Arrival/Required Time  Fanout  
----------------------------------------  -----------------  ---------------  -----  ---------------------  ------  
                                                             CONSTRAINT       0.000                  0.000  1       
hsosc_inst.osc_inst/CLKHF                 HFOSC_HFOSC_R1C32  CLOCK LATENCY    0.000                  0.000  16      
clk_hsosc                                                    NET DELAY        3.084                  3.084  16      
{counter_18__i17/CK   counter_18__i18/CK}
                                                             CLOCK PIN        0.000                  3.084  1       
                                                             Uncertainty      0.000                  3.084  
                                                             Hold time        0.000                  3.084  
----------------------------------------  -----------------  ---------------  -----  ---------------------  ------  
Required Time                                                                                       -3.084  
Arrival Time                                                                                         4.997  
----------------------------------------  -----------------  ---------------  -----  ---------------------  ------  
Path Slack  (Passed)                                                                                 1.913  




++++ Path 5 ++++++++++++++++++++++++++++++++++++++++++++++++++++++++++ 

Path Begin       : counter_18__i19/Q  (SLICE_R21C5C)
Path End         : counter_18__i19/D  (SLICE_R21C5C)
Source Clock     : clk_hsosc (R)
Destination Clock: clk_hsosc (R)
Logic Level      : 2
Delay Ratio      : 46.1% (route), 53.9% (logic)
Clock Skew       : 0.000 ns 
Hold Constraint  : 0.000 ns 
Path Slack       : 1.913 ns  (Passed)


Source Clock Path
Name                                      Cell/Site Name     Delay Name       Incr   Arrival/Required Time  Fanout  
----------------------------------------  -----------------  ---------------  -----  ---------------------  ------  
hsosc_inst.osc_inst/CLKHF                 HFOSC_HFOSC_R1C32  CLOCK LATENCY    0.000                  0.000  16      
clk_hsosc                                                    NET DELAY        3.084                  3.084  16      
{counter_18__i19/CK   counter_18__i20/CK}
                                                             CLOCK PIN        0.000                  3.084  1       


Data Path
Name                                      Cell/Site Name     Delay Name       Incr   Arrival/Required Time  Fanout  
----------------------------------------  -----------------  ---------------  -----  ---------------------  ------  
counter_18__i19/CK->counter_18__i19/Q     SLICE_R21C5C       CLK_TO_Q0_DELAY  0.779                  3.863  2       
counter[19]                                                  NET DELAY        0.882                  4.745  2       
counter_18_add_4_21/C0->counter_18_add_4_21/S0
                                          SLICE_R21C5C       C0_TO_F0_DELAY   0.252                  4.997  1       
n105[19]                                                     NET DELAY        0.000                  4.997  1       
counter_18__i19/D                                            ENDPOINT         0.000                  4.997  1       


Destination Clock Path
Name                                      Cell/Site Name     Delay Name       Incr   Arrival/Required Time  Fanout  
----------------------------------------  -----------------  ---------------  -----  ---------------------  ------  
                                                             CONSTRAINT       0.000                  0.000  1       
hsosc_inst.osc_inst/CLKHF                 HFOSC_HFOSC_R1C32  CLOCK LATENCY    0.000                  0.000  16      
clk_hsosc                                                    NET DELAY        3.084                  3.084  16      
{counter_18__i19/CK   counter_18__i20/CK}
                                                             CLOCK PIN        0.000                  3.084  1       
                                                             Uncertainty      0.000                  3.084  
                                                             Hold time        0.000                  3.084  
----------------------------------------  -----------------  ---------------  -----  ---------------------  ------  
Required Time                                                                                       -3.084  
Arrival Time                                                                                         4.997  
----------------------------------------  -----------------  ---------------  -----  ---------------------  ------  
Path Slack  (Passed)                                                                                 1.913  




++++ Path 6 ++++++++++++++++++++++++++++++++++++++++++++++++++++++++++ 

Path Begin       : counter_18__i20/Q  (SLICE_R21C5C)
Path End         : counter_18__i20/D  (SLICE_R21C5C)
Source Clock     : clk_hsosc (R)
Destination Clock: clk_hsosc (R)
Logic Level      : 2
Delay Ratio      : 46.1% (route), 53.9% (logic)
Clock Skew       : 0.000 ns 
Hold Constraint  : 0.000 ns 
Path Slack       : 1.913 ns  (Passed)


Source Clock Path
Name                                      Cell/Site Name     Delay Name       Incr   Arrival/Required Time  Fanout  
----------------------------------------  -----------------  ---------------  -----  ---------------------  ------  
hsosc_inst.osc_inst/CLKHF                 HFOSC_HFOSC_R1C32  CLOCK LATENCY    0.000                  0.000  16      
clk_hsosc                                                    NET DELAY        3.084                  3.084  16      
{counter_18__i19/CK   counter_18__i20/CK}
                                                             CLOCK PIN        0.000                  3.084  1       


Data Path
Name                                      Cell/Site Name     Delay Name       Incr   Arrival/Required Time  Fanout  
----------------------------------------  -----------------  ---------------  -----  ---------------------  ------  
counter_18__i20/CK->counter_18__i20/Q     SLICE_R21C5C       CLK_TO_Q1_DELAY  0.779                  3.863  2       
counter[20]                                                  NET DELAY        0.882                  4.745  2       
counter_18_add_4_21/C1->counter_18_add_4_21/S1
                                          SLICE_R21C5C       C1_TO_F1_DELAY   0.252                  4.997  1       
n105[20]                                                     NET DELAY        0.000                  4.997  1       
counter_18__i20/D                                            ENDPOINT         0.000                  4.997  1       


Destination Clock Path
Name                                      Cell/Site Name     Delay Name       Incr   Arrival/Required Time  Fanout  
----------------------------------------  -----------------  ---------------  -----  ---------------------  ------  
                                                             CONSTRAINT       0.000                  0.000  1       
hsosc_inst.osc_inst/CLKHF                 HFOSC_HFOSC_R1C32  CLOCK LATENCY    0.000                  0.000  16      
clk_hsosc                                                    NET DELAY        3.084                  3.084  16      
{counter_18__i19/CK   counter_18__i20/CK}
                                                             CLOCK PIN        0.000                  3.084  1       
                                                             Uncertainty      0.000                  3.084  
                                                             Hold time        0.000                  3.084  
----------------------------------------  -----------------  ---------------  -----  ---------------------  ------  
Required Time                                                                                       -3.084  
Arrival Time                                                                                         4.997  
----------------------------------------  -----------------  ---------------  -----  ---------------------  ------  
Path Slack  (Passed)                                                                                 1.913  




++++ Path 7 ++++++++++++++++++++++++++++++++++++++++++++++++++++++++++ 

Path Begin       : counter_18__i21/Q  (SLICE_R21C5D)
Path End         : counter_18__i21/D  (SLICE_R21C5D)
Source Clock     : clk_hsosc (R)
Destination Clock: clk_hsosc (R)
Logic Level      : 2
Delay Ratio      : 46.1% (route), 53.9% (logic)
Clock Skew       : 0.000 ns 
Hold Constraint  : 0.000 ns 
Path Slack       : 1.913 ns  (Passed)


Source Clock Path
Name                                      Cell/Site Name     Delay Name       Incr   Arrival/Required Time  Fanout  
----------------------------------------  -----------------  ---------------  -----  ---------------------  ------  
hsosc_inst.osc_inst/CLKHF                 HFOSC_HFOSC_R1C32  CLOCK LATENCY    0.000                  0.000  16      
clk_hsosc                                                    NET DELAY        3.084                  3.084  16      
{counter_18__i21/CK   counter_18__i22/CK}
                                                             CLOCK PIN        0.000                  3.084  1       


Data Path
Name                                      Cell/Site Name     Delay Name       Incr   Arrival/Required Time  Fanout  
----------------------------------------  -----------------  ---------------  -----  ---------------------  ------  
counter_18__i21/CK->counter_18__i21/Q     SLICE_R21C5D       CLK_TO_Q0_DELAY  0.779                  3.863  2       
counter[21]                                                  NET DELAY        0.882                  4.745  2       
counter_18_add_4_23/C0->counter_18_add_4_23/S0
                                          SLICE_R21C5D       C0_TO_F0_DELAY   0.252                  4.997  1       
n105[21]                                                     NET DELAY        0.000                  4.997  1       
counter_18__i21/D                                            ENDPOINT         0.000                  4.997  1       


Destination Clock Path
Name                                      Cell/Site Name     Delay Name       Incr   Arrival/Required Time  Fanout  
----------------------------------------  -----------------  ---------------  -----  ---------------------  ------  
                                                             CONSTRAINT       0.000                  0.000  1       
hsosc_inst.osc_inst/CLKHF                 HFOSC_HFOSC_R1C32  CLOCK LATENCY    0.000                  0.000  16      
clk_hsosc                                                    NET DELAY        3.084                  3.084  16      
{counter_18__i21/CK   counter_18__i22/CK}
                                                             CLOCK PIN        0.000                  3.084  1       
                                                             Uncertainty      0.000                  3.084  
                                                             Hold time        0.000                  3.084  
----------------------------------------  -----------------  ---------------  -----  ---------------------  ------  
Required Time                                                                                       -3.084  
Arrival Time                                                                                         4.997  
----------------------------------------  -----------------  ---------------  -----  ---------------------  ------  
Path Slack  (Passed)                                                                                 1.913  




++++ Path 8 ++++++++++++++++++++++++++++++++++++++++++++++++++++++++++ 

Path Begin       : counter_18__i22/Q  (SLICE_R21C5D)
Path End         : counter_18__i22/D  (SLICE_R21C5D)
Source Clock     : clk_hsosc (R)
Destination Clock: clk_hsosc (R)
Logic Level      : 2
Delay Ratio      : 46.1% (route), 53.9% (logic)
Clock Skew       : 0.000 ns 
Hold Constraint  : 0.000 ns 
Path Slack       : 1.913 ns  (Passed)


Source Clock Path
Name                                      Cell/Site Name     Delay Name       Incr   Arrival/Required Time  Fanout  
----------------------------------------  -----------------  ---------------  -----  ---------------------  ------  
hsosc_inst.osc_inst/CLKHF                 HFOSC_HFOSC_R1C32  CLOCK LATENCY    0.000                  0.000  16      
clk_hsosc                                                    NET DELAY        3.084                  3.084  16      
{counter_18__i21/CK   counter_18__i22/CK}
                                                             CLOCK PIN        0.000                  3.084  1       


Data Path
Name                                      Cell/Site Name     Delay Name       Incr   Arrival/Required Time  Fanout  
----------------------------------------  -----------------  ---------------  -----  ---------------------  ------  
counter_18__i22/CK->counter_18__i22/Q     SLICE_R21C5D       CLK_TO_Q1_DELAY  0.779                  3.863  2       
counter[22]                                                  NET DELAY        0.882                  4.745  2       
counter_18_add_4_23/C1->counter_18_add_4_23/S1
                                          SLICE_R21C5D       C1_TO_F1_DELAY   0.252                  4.997  1       
n105[22]                                                     NET DELAY        0.000                  4.997  1       
counter_18__i22/D                                            ENDPOINT         0.000                  4.997  1       


Destination Clock Path
Name                                      Cell/Site Name     Delay Name       Incr   Arrival/Required Time  Fanout  
----------------------------------------  -----------------  ---------------  -----  ---------------------  ------  
                                                             CONSTRAINT       0.000                  0.000  1       
hsosc_inst.osc_inst/CLKHF                 HFOSC_HFOSC_R1C32  CLOCK LATENCY    0.000                  0.000  16      
clk_hsosc                                                    NET DELAY        3.084                  3.084  16      
{counter_18__i21/CK   counter_18__i22/CK}
                                                             CLOCK PIN        0.000                  3.084  1       
                                                             Uncertainty      0.000                  3.084  
                                                             Hold time        0.000                  3.084  
----------------------------------------  -----------------  ---------------  -----  ---------------------  ------  
Required Time                                                                                       -3.084  
Arrival Time                                                                                         4.997  
----------------------------------------  -----------------  ---------------  -----  ---------------------  ------  
Path Slack  (Passed)                                                                                 1.913  




++++ Path 9 ++++++++++++++++++++++++++++++++++++++++++++++++++++++++++ 

Path Begin       : counter_18__i23/Q  (SLICE_R21C6A)
Path End         : counter_18__i23/D  (SLICE_R21C6A)
Source Clock     : clk_hsosc (R)
Destination Clock: clk_hsosc (R)
Logic Level      : 2
Delay Ratio      : 46.1% (route), 53.9% (logic)
Clock Skew       : 0.000 ns 
Hold Constraint  : 0.000 ns 
Path Slack       : 1.913 ns  (Passed)


Source Clock Path
Name                                      Cell/Site Name     Delay Name       Incr   Arrival/Required Time  Fanout  
----------------------------------------  -----------------  ---------------  -----  ---------------------  ------  
hsosc_inst.osc_inst/CLKHF                 HFOSC_HFOSC_R1C32  CLOCK LATENCY    0.000                  0.000  16      
clk_hsosc                                                    NET DELAY        3.084                  3.084  16      
{counter_18__i23/CK   counter_18__i24/CK}
                                                             CLOCK PIN        0.000                  3.084  1       


Data Path
Name                                      Cell/Site Name     Delay Name       Incr   Arrival/Required Time  Fanout  
----------------------------------------  -----------------  ---------------  -----  ---------------------  ------  
counter_18__i23/CK->counter_18__i23/Q     SLICE_R21C6A       CLK_TO_Q0_DELAY  0.779                  3.863  2       
counter[23]                                                  NET DELAY        0.882                  4.745  2       
counter_18_add_4_25/C0->counter_18_add_4_25/S0
                                          SLICE_R21C6A       C0_TO_F0_DELAY   0.252                  4.997  1       
n105[23]                                                     NET DELAY        0.000                  4.997  1       
counter_18__i23/D                                            ENDPOINT         0.000                  4.997  1       


Destination Clock Path
Name                                      Cell/Site Name     Delay Name       Incr   Arrival/Required Time  Fanout  
----------------------------------------  -----------------  ---------------  -----  ---------------------  ------  
                                                             CONSTRAINT       0.000                  0.000  1       
hsosc_inst.osc_inst/CLKHF                 HFOSC_HFOSC_R1C32  CLOCK LATENCY    0.000                  0.000  16      
clk_hsosc                                                    NET DELAY        3.084                  3.084  16      
{counter_18__i23/CK   counter_18__i24/CK}
                                                             CLOCK PIN        0.000                  3.084  1       
                                                             Uncertainty      0.000                  3.084  
                                                             Hold time        0.000                  3.084  
----------------------------------------  -----------------  ---------------  -----  ---------------------  ------  
Required Time                                                                                       -3.084  
Arrival Time                                                                                         4.997  
----------------------------------------  -----------------  ---------------  -----  ---------------------  ------  
Path Slack  (Passed)                                                                                 1.913  




++++ Path 10 ++++++++++++++++++++++++++++++++++++++++++++++++++++++++++ 

Path Begin       : counter_18__i24/Q  (SLICE_R21C6A)
Path End         : counter_18__i24/D  (SLICE_R21C6A)
Source Clock     : clk_hsosc (R)
Destination Clock: clk_hsosc (R)
Logic Level      : 2
Delay Ratio      : 46.1% (route), 53.9% (logic)
Clock Skew       : 0.000 ns 
Hold Constraint  : 0.000 ns 
Path Slack       : 1.913 ns  (Passed)


Source Clock Path
Name                                      Cell/Site Name     Delay Name       Incr   Arrival/Required Time  Fanout  
----------------------------------------  -----------------  ---------------  -----  ---------------------  ------  
hsosc_inst.osc_inst/CLKHF                 HFOSC_HFOSC_R1C32  CLOCK LATENCY    0.000                  0.000  16      
clk_hsosc                                                    NET DELAY        3.084                  3.084  16      
{counter_18__i23/CK   counter_18__i24/CK}
                                                             CLOCK PIN        0.000                  3.084  1       


Data Path
Name                                      Cell/Site Name     Delay Name       Incr   Arrival/Required Time  Fanout  
----------------------------------------  -----------------  ---------------  -----  ---------------------  ------  
counter_18__i24/CK->counter_18__i24/Q     SLICE_R21C6A       CLK_TO_Q1_DELAY  0.779                  3.863  2       
counter[24]                                                  NET DELAY        0.882                  4.745  2       
counter_18_add_4_25/C1->counter_18_add_4_25/S1
                                          SLICE_R21C6A       C1_TO_F1_DELAY   0.252                  4.997  1       
n105[24]                                                     NET DELAY        0.000                  4.997  1       
counter_18__i24/D                                            ENDPOINT         0.000                  4.997  1       


Destination Clock Path
Name                                      Cell/Site Name     Delay Name       Incr   Arrival/Required Time  Fanout  
----------------------------------------  -----------------  ---------------  -----  ---------------------  ------  
                                                             CONSTRAINT       0.000                  0.000  1       
hsosc_inst.osc_inst/CLKHF                 HFOSC_HFOSC_R1C32  CLOCK LATENCY    0.000                  0.000  16      
clk_hsosc                                                    NET DELAY        3.084                  3.084  16      
{counter_18__i23/CK   counter_18__i24/CK}
                                                             CLOCK PIN        0.000                  3.084  1       
                                                             Uncertainty      0.000                  3.084  
                                                             Hold time        0.000                  3.084  
----------------------------------------  -----------------  ---------------  -----  ---------------------  ------  
Required Time                                                                                       -3.084  
Arrival Time                                                                                         4.997  
----------------------------------------  -----------------  ---------------  -----  ---------------------  ------  
Path Slack  (Passed)                                                                                 1.913  



+++++++++++++++++++++++++++++++++++++++++++++++++++++++++++++++++++++ 
                    End of Detailed Report for timing paths 
+++++++++++++++++++++++++++++++++++++++++++++++++++++++++++++++++++++ 


##########################################################



